Hand: TH KD AH JH QH Deck: 9H 8H 6C TC QC Best hand: straight-flush
Hand: JS 7D 9S AS 7C Deck: TS 8S QS 2S 4D Best hand: straight-flush
Hand: 2S 6S 3S AC 6H Deck: 5S 4S QS 7C TS Best hand: straight-flush
Hand: 9C KH 6C JH 3C Deck: 2C 5C 4C AC 6D Best hand: straight-flush
Hand: 9C 6C TC 5C 3C Deck: 7C 4C KC QH 2D Best hand: straight-flush
Hand: 8C 5S 6S 4S TC Deck: 3S 7S QS QD JD Best hand: straight-flush
Hand: KC 5C 9H QS JH Deck: 8S JS 9S TS 9C Best hand: straight-flush
Hand: QD AD 3C JD 4D Deck: TD KD 3H 4H TH Best hand: straight-flush
Hand: 3S KH TC AH 6S Deck: 9S 5S 7S 8S 7C Best hand: straight-flush
Hand: 9D 4H 7H JS 2S Deck: 3S AS 5S 4S 5H Best hand: straight-flush
Hand: 3H JH 7D AH TC Deck: QH KH TH 5S JC Best hand: straight-flush
Hand: TC JC 8H 7D 9C Deck: QC KC 6C AH 2S Best hand: straight-flush
Hand: 7S 8H KD JC AD Deck: 8S 9S 5S 6S 9D Best hand: straight-flush
Hand: 9S 7S 8H 8S KH Deck: TS 6S 2C QS 6H Best hand: straight-flush
Hand: 8H KS 9S 2D JS Deck: TS QS KC QH 4S Best hand: straight-flush
Hand: AS 2S 3S 2H 4S Deck: 5S KD 8D QH AC Best hand: straight-flush
Hand: 6D 6C TC 8D 9C Deck: 8C QC JC 3C 9H Best hand: straight-flush
Hand: TD 6D 7H 5H 4H Deck: 3H 6H AD 5D 2C Best hand: straight-flush
Hand: TC 7C 6C 9C JC Deck: 8C TH AD AH 4S Best hand: straight-flush
Hand: 5D 8D QC 7D JS Deck: 6D TD 9D 4C 4H Best hand: straight-flush
Hand: 9S JS 7S TH 5D Deck: QS KS TS 3S 8D Best hand: straight-flush
Hand: JD 5S 8H 4S 8S Deck: 6S 7S 2H 6D 7D Best hand: straight-flush
Hand: JS QD AS JH 7H Deck: TH 9H 8H 2D 5H Best hand: straight-flush
Hand: TS 8S 6C 9S 9D Deck: QS JS 3H 8D 5C Best hand: straight-flush
Hand: 8S KH 8C 3D TC Deck: JC QC 9C 6S TD Best hand: straight-flush
Hand: JD JC 3C JS JH Deck: 5S 6D 4H 3S QD Best hand: four-of-a-kind
Hand: 5H 5C 5D JC 4D Deck: 8S 5S QS TH TD Best hand: four-of-a-kind
Hand: 6S TS QD 6D QS Deck: 4S 6C 6H 8D 8S Best hand: four-of-a-kind
Hand: 4D TS 4H AH 4S Deck: 4C 8C 3C 8D 5D Best hand: four-of-a-kind
Hand: JC 5D 6S 7C 3H Deck: 6D 6H 6C KS TD Best hand: four-of-a-kind
Hand: 7H 5D 4S TD QD Deck: 8H 9C 9D 9S 9H Best hand: four-of-a-kind
Hand: 7H QD 7D KH 6S Deck: 8S 7C 7S QS 4D Best hand: four-of-a-kind
Hand: 5D QS 6H 6S 6D Deck: 3S 6C TS 4C 9H Best hand: four-of-a-kind
Hand: 2S 2C 7C 4C KC Deck: TD 2H 2D TC 9H Best hand: four-of-a-kind
Hand: KH 5C 2H 8D QS Deck: KD 8C 8S 8H 7H Best hand: four-of-a-kind
Hand: KH KC KD 7H 5D Deck: 3C KS 8D 6D AD Best hand: four-of-a-kind
Hand: 4S TS TH KC KH Deck: KS KD 2C 3C AC Best hand: four-of-a-kind
Hand: 2D 9D 2H 5H 2C Deck: 2S AD 4C QD 9H Best hand: four-of-a-kind
Hand: 2C AH TD AD TS Deck: JD AS AC 9H JC Best hand: four-of-a-kind
Hand: 5D JD 7S JS JH Deck: JC TC QH KS 4D Best hand: four-of-a-kind
Hand: 2D AS 2H JS TH Deck: 2S 6H 2C 3D 5H Best hand: four-of-a-kind
Hand: QH QD JS 7S 2D Deck: 2H 2C AH 2S 6S Best hand: four-of-a-kind
Hand: 3H 7D 3S 2D 3D Deck: AS 3C 6C 9H JS Best hand: four-of-a-kind
Hand: 6D KS 2S 8H 2D Deck: 2H 2C 4H TS JD Best hand: four-of-a-kind
Hand: 6C TC KC 4H 5D Deck: 2S 4D 4S 4C AD Best hand: four-of-a-kind
Hand: 9S TC 9H TH QH Deck: TS JH TD 6H KS Best hand: four-of-a-kind
Hand: 3C QH 3D 3H KS Deck: 4S 3S 9H 8S 5H Best hand: four-of-a-kind
Hand: 4D 4C 8C 4H KC Deck: 2H 4S TC 9C 8D Best hand: four-of-a-kind
Hand: 4D 9D 3D 5D 4C Deck: 4S 4H 9S KC AS Best hand: four-of-a-kind
Hand: 9S 4C 2C QC 7H Deck: JC 2D 2H 2S KC Best hand: four-of-a-kind
Hand: 4H 8H 4S 9D 2S Deck: 8C 4C AH 2H 7D Best hand: full-house
Hand: 5C KS 5S TC KC Deck: KD QC 8D 3C 6S Best hand: full-house
Hand: 7H 8C 6S AS 7D Deck: 8S 7S 6D 7C 8H Best hand: full-house
Hand: 7H QD 5C 9H 9S Deck: 9C QH 6C 4S 7S Best hand: full-house
Hand: 9S 3D 8D KC QS Deck: QH QD 9H 7D TC Best hand: full-house
Hand: 7S QC 9H 3H QH Deck: QS 9D TH 8H JD Best hand: full-house
Hand: 8C KC 9H 9S AS Deck: 5H 5C 5S QS 9C Best hand: full-house
Hand: 6D 3D TC JC TH Deck: AD 5S 5D 5H AH Best hand: full-house
Hand: QC 2D 3H 4D 6C Deck: 2H 2C 3S AC TD Best hand: full-house
Hand: 7D 9H 3C 4H AD Deck: 4S 7H 4C 9D 7C Best hand: full-house
Hand: 4C KH TH 4H 8D Deck: 4S 5C 5H 6D 6H Best hand: full-house
Hand: 5S JD AC QH 5D Deck: 5C QS 4S 8S 3H Best hand: full-house
Hand: 3S 9C 3C 9D 6S Deck: 3D 6D 7C QS TD Best hand: full-house
Hand: 6D KH 4S 6C JC Deck: KS 6S AD KD KC Best hand: full-house
Hand: QD JH TD 5D 4C Deck: TS 3D TC 3S 9H Best hand: full-house
Hand: KC TH AH 7D 5S Deck: 8D 6H 8H 8C 6S Best hand: full-house
Hand: QD QS 2H JH 7D Deck: 6H 6S QC 9S 5H Best hand: full-house
Hand: 3S 4H 5S 4D 3C Deck: 4C TH 8C AH 8H Best hand: full-house
Hand: TC TS TH 5H 6H Deck: 2H 2C 6C TD QH Best hand: full-house
Hand: 8D 9C 5S 6D 9S Deck: 5H 9D 6C 4D 8S Best hand: full-house
Hand: 4D 8H TD 4S QC Deck: TC TH 6H 7H AH Best hand: full-house
Hand: 4H 5D KD TC 5H Deck: JH 9S JC 9H 9D Best hand: full-house
Hand: 8S AS JC 4C QD Deck: 4H 8D 4S 3C TC Best hand: full-house
Hand: JD JS AH AC AS Deck: 5C 2C 2D 2S 4D Best hand: full-house
Hand: AH AC JS QD 6C Deck: JD AS 6S KD 8S Best hand: full-house
Hand: 4C QC KD AC 2C Deck: 3C 9S TS 4H JS Best hand: flush
Hand: 5D 5H 3D AD 2S Deck: 2D JD 9D 8H KS Best hand: flush
Hand: 8C TS 3S 6H 7S Deck: QS 6S 2H 9D QD Best hand: flush
Hand: JH 2S 3S 8H 2D Deck: 3H 9H 4H 6S 9D Best hand: flush
Hand: 6C 6S 8D 7H 4H Deck: 8C 7C 2C 3C 5H Best hand: flush
Hand: 3C JD AC 5C 4C Deck: 8C JS 4S 2D TH Best hand: flush
Hand: 4H QD 5C 7H 9D Deck: 2D JD KD TD 9S Best hand: flush
Hand: 9H QC JD 6C KH Deck: 5H 7H JH KD JS Best hand: flush
Hand: 5D 4C 6D KH JH Deck: 8D 4D QD QH AD Best hand: flush
Hand: TS 6S 7D 4S AS Deck: JS 7C 7H 2S 8S Best hand: flush
Hand: 7S 6D 7C 8D 8C Deck: AC 4C 3C 5S JH Best hand: flush
Hand: 2C 5H QC JH JC Deck: 2S QS KS 6S AS Best hand: flush
Hand: 3S 4S QH 9H 6H Deck: 2H 8H KC JS 3D Best hand: flush
Hand: 6D JD TD AH KS Deck: 2D KD TH 9S TS Best hand: flush
Hand: 7H 6C KS 5S 4D Deck: 8S 3S 7S 6D JS Best hand: flush
Hand: 8C 2C QH 7C 3C Deck: 6C JH TS 5C 9D Best hand: flush
Hand: 8C 2H KH QC 8H Deck: 4H 5H 9D 3H KS Best hand: flush
Hand: KH 4H KD TS AH Deck: 7H JH 8S 5C KC Best hand: flush
Hand: 2D 3C JC KC KH Deck: 9C QC 9H 2S 8S Best hand: flush
Hand: JH 5D 6H AH 7D Deck: 2H 4H AD 8S AC Best hand: flush
Hand: KC 2C KD JS TS Deck: 4C TC 7C QD AC Best hand: flush
Hand: 3H 7H 4C 5S 4H Deck: KH 6H QD 9C KS Best hand: flush
Hand: 3H 2H 3S TH 4C Deck: AH 5H 2C 5D 2D Best hand: flush
Hand: 4H 9H KH 7H 9C Deck: 6H 7D 8D JD KD Best hand: flush
Hand: 4D 9S 7D KD 6D Deck: 9D KH QD TS 8S Best hand: flush
Hand: 2D TD JD 6S QC Deck: AS KH 8C 4H QS Best hand: straight
Hand: 6S JD 2D 4C 8H Deck: 9D QH TH 2H AH Best hand: straight
Hand: 2S 4H 3H 7H AD Deck: 5H 6S 3C AC QH Best hand: straight
Hand: 7S TH 8H 5H 6C Deck: 9S KC KS 3C 7D Best hand: straight
Hand: 7C 5C 8H 2S AD Deck: 6C 9S 3D 8S 8D Best hand: straight
Hand: 5H 2C 6D QC 4H Deck: 3C JD 6C 5S TD Best hand: straight
Hand: 7H 2S 3H QD 8C Deck: AH 4D 5C 6D 8H Best hand: straight
Hand: 2C 6C 3H QS 8S Deck: 4S 7D 5C JD JH Best hand: straight
Hand: 9H 4S 3C QS 8C Deck: TD 8D JC 6S 6H Best hand: straight
Hand: 8C 2C TC 5D 8S Deck: 6S 4H 3H 7D 4D Best hand: straight
Hand: 2S 5C 7S AC 9D Deck: 5D 3S 4D 8H KS Best hand: straight
Hand: 6C 5S TD 2D 3C Deck: 4S 2C QD 9D 2S Best hand: straight
Hand: 3C QH JH 4C JS Deck: AS TH JD KD 7C Best hand: straight
Hand: KH 8H 6H 9S JS Deck: 5S 4C 7H 4D 7D Best hand: straight
Hand: QS 6C 8C 6S 9S Deck: TS 8D 7C 4S KH Best hand: straight
Hand: 6D 8D TD KC 7H Deck: 9C AH 4H 7D KS Best hand: straight
Hand: 7H 2S 6D 4H 5S Deck: 3H QS 5H 2H 7S Best hand: straight
Hand: 5S 5D 8H KD 4S Deck: 3S 2H 4H 6D 2C Best hand: straight
Hand: 5C QS KC 9D 9H Deck: TD QC JS TC AD Best hand: straight
Hand: 8H QH 4C 7C JC Deck: QS TC 9C 4S 3C Best hand: straight
Hand: 8C 7D 9C TS JH Deck: 6H JC QD 5H 2H Best hand: straight
Hand: TS QH 2S KH JC Deck: 9C 5C TH QD KC Best hand: straight
Hand: 2D 5H 4D 3D 6D Deck: JS 9H JH 8H 7C Best hand: straight
Hand: QH TD AC KC JD Deck: 9H 6C 2D 9C 9S Best hand: straight
Hand: 4D JH 5S 8S 7S Deck: TD 9S 4C 9H TH Best hand: straight
Hand: 9S 6S JH 2S 6C Deck: AC JS 7S JD 7D Best hand: three-of-a-kind
Hand: 9H 3D 7C 9D AC Deck: 9C TH 3C 5H 8S Best hand: three-of-a-kind
Hand: 5C KD QH 8C QD Deck: 3D 7C QC 6S 9S Best hand: three-of-a-kind
Hand: 8D 9S QS QD 9C Deck: KD QH 2S 4C 2H Best hand: three-of-a-kind
Hand: JH 4D JD 4C QH Deck: 2C 4S TS AD 7C Best hand: three-of-a-kind
Hand: 8S QD KS QH 2D Deck: 3C QC 9C AD 6S Best hand: three-of-a-kind
Hand: JH 3S 5D QC 7H Deck: JS JC 9D 3H 2C Best hand: three-of-a-kind
Hand: 2C AC 8H 4S JD Deck: AS 2D TH 2S 8D Best hand: three-of-a-kind
Hand: 9H 8D JD 6C KD Deck: JC 7D JS 6S 8H Best hand: three-of-a-kind
Hand: AC 6D AD QC 9D Deck: AH 8C JD TD QD Best hand: three-of-a-kind
Hand: KD 9D 8S 8C 8D Deck: 5D 4S TD 9H 3C Best hand: three-of-a-kind
Hand: 7H 8C 7D 2S TD Deck: 5H 7C 2H AC 3H Best hand: three-of-a-kind
Hand: AC 9S TD AD AS Deck: 2H JD 9D QH KD Best hand: three-of-a-kind
Hand: 6C AH TD 8C 8H Deck: 7D JS 8S 3C KD Best hand: three-of-a-kind
Hand: 4D JD 2C KH 2S Deck: 7D 2H 5C 6C 4C Best hand: three-of-a-kind
Hand: 4S TD TH TS 2D Deck: KH 6D 5H 7H JD Best hand: three-of-a-kind
Hand: QH 7H 5H QC JS Deck: 4H 5C QS 9C KC Best hand: three-of-a-kind
Hand: JD 7C 3D 8D AH Deck: 8C QD 8H 9D 4H Best hand: three-of-a-kind
Hand: 7H KH TH AS 9C Deck: KC 5H 8H KS 2S Best hand: three-of-a-kind
Hand: AC 4D 4S 6H 8H Deck: 5S 5H QS JC 5D Best hand: three-of-a-kind
Hand: 2C JD JH AC QS Deck: 2S 5D JS 6C AS Best hand: three-of-a-kind
Hand: 9C 7D QD 4H 7H Deck: AD 6D AC 8C AS Best hand: three-of-a-kind
Hand: KS TD TC 6H AH Deck: QH 4D KD KH 3S Best hand: three-of-a-kind
Hand: KC 9S 7H 8H 3S Deck: 3C 9H JD 9C 3D Best hand: three-of-a-kind
Hand: 9S TH 6C 6H KC Deck: 6D 4D JH AD TD Best hand: three-of-a-kind
Hand: 8D 8H 3D KH 5H Deck: 6H 3C QS TD 6C Best hand: two-pairs
Hand: 5H KC 5C 4D 3H Deck: KD AC 2C 2H KS Best hand: two-pairs
Hand: 4H 7H 5C QS 4C Deck: 7C 5S 2D 6C JS Best hand: two-pairs
Hand: TC TS KH 7D QS Deck: QH KC 9S 3S JH Best hand: two-pairs
Hand: AS 7C AD KC QD Deck: JC 2H JD 6S QC Best hand: two-pairs
Hand: 5H QS 4C JD 6C Deck: QH 2D 2H 3D 8D Best hand: two-pairs
Hand: KS AC KC TH 4D Deck: 7D AH 4H 5C 8H Best hand: two-pairs
Hand: KD TC 9D KC TS Deck: 9H JH JC AD 2C Best hand: two-pairs
Hand: 4S 2C 7C JC QC Deck: 3S 7S QH 8C 5D Best hand: two-pairs
Hand: AS QD 3C 2C 9S Deck: 7C TS TD AC 5S Best hand: two-pairs
Hand: JH TH 6D 2S 4D Deck: TC KD JD 7C 5D Best hand: two-pairs
Hand: 7H 4H 3H AS KD Deck: JS 4C KC JC KS Best hand: two-pairs
Hand: AC 2H 3H 6S 7C Deck: QS JS JC 2C QH Best hand: two-pairs
Hand: 4S 8D 8S 7S 7H Deck: 2S 6D 6H 8H JH Best hand: two-pairs
Hand: 4H 5C 9H JH QS Deck: 3D 3S TC 2C 2D Best hand: two-pairs
Hand: 5H 9S 2S TC 2C Deck: 5C JC 9H 6S 3D Best hand: two-pairs
Hand: 3D 8D JS 8S JH Deck: 2D 7H 7D 6S TD Best hand: two-pairs
Hand: 7H 9H 5C AH JC Deck: 9D 7D TS KS 8C Best hand: two-pairs
Hand: 6H 5D 7H QH 7C Deck: KD KC QC TS 2C Best hand: two-pairs
Hand: TD 3C 7H TC 2C Deck: 8C 7D 6D JC 2D Best hand: two-pairs
Hand: QS 9D KH 9H 2D Deck: 4C QD JH KC TC Best hand: two-pairs
Hand: QH 4S 4D TS 9S Deck: 7C TD 8D QC KD Best hand: two-pairs
Hand: JD 3S AC 9S 5H Deck: TH 5D 8H TC 2H Best hand: two-pairs
Hand: QC JH QD 2H AS Deck: 9S TH 9H 7S 4S Best hand: two-pairs
Hand: 7D 2C 3S TH 3C Deck: 5S 6C 6H 5H QD Best hand: two-pairs
Hand: AS 8C 6D 4S 6H Deck: JH KH 7S 4C QD Best hand: one-pair
Hand: KC QD 4C 4S 5H Deck: 8C JC 9D 7C KH Best hand: one-pair
Hand: KC JS TH KS 2D Deck: 3H AD JC 7C 4D Best hand: one-pair
Hand: 3C JH QD 9S TC Deck: 7S 6D 4D AS AH Best hand: one-pair
Hand: AD TD 7S 4H KH Deck: 4S 9C 5H KD 9S Best hand: one-pair
Hand: 7H 7C JH KS TC Deck: 5C 6C 9D QD 8C Best hand: one-pair
Hand: 8H KS JS 8S 5H Deck: 9S AH 4H 3C KH Best hand: one-pair
Hand: 5S QC 7D 9S 4C Deck: 9C JH 2H 4D 9H Best hand: one-pair
Hand: 3H 8C AC 9C QS Deck: JD AS 7H KS TC Best hand: one-pair
Hand: TC 3D 7H 5H KH Deck: 4H 9D 7C 6H KD Best hand: one-pair
Hand: KS 6H 3H 7D JD Deck: AH KC 8D 5D JH Best hand: one-pair
Hand: 5C KD 9C 8H 2D Deck: 4H JH JS 3C 5D Best hand: one-pair
Hand: 5D QD 6C 6H JD Deck: 3C 2C TH KD QC Best hand: one-pair
Hand: 5C 2C 9C 3H AD Deck: 6H QH 6S JD AS Best hand: one-pair
Hand: KC 7C 9H 6H 5C Deck: 3S 2H 6C KS 2S Best hand: one-pair
Hand: AC QH 9D 6C 3S Deck: 2S JH TC 9H KH Best hand: one-pair
Hand: 8D 3D TH QC 6S Deck: JS AC 3C TD 6D Best hand: one-pair
Hand: QS 8C 7C 9C 4C Deck: 6D QD JD 5H QH Best hand: one-pair
Hand: 8C 3H 9H 8S 7C Deck: KS 5C 6H 6C AD Best hand: one-pair
Hand: KC JH 9H 2H 3C Deck: AH 7C QC KS 6C Best hand: one-pair
Hand: 4C 3D JC 5H AS Deck: 7C AD 2D TS 2C Best hand: one-pair
Hand: 5C 8D 2S JS TD Deck: 8H 6C 4S TS 8S Best hand: one-pair
Hand: AC 3H TD 7C KC Deck: 9S KS 4D 5S 3D Best hand: one-pair
Hand: TC 3C 8C 5H 8S Deck: 2H QH JH JS AH Best hand: one-pair
Hand: 8C 8S 6H 2D JC Deck: AC 7D QD 9H 2C Best hand: one-pair
Hand: 7S 9S 4D 5C 2S Deck: 8S QH TC KS 7C Best hand: highest-card
Hand: 3C 6D 7S TC AS Deck: 5C 2H JS 8H 4C Best hand: highest-card
Hand: 5H 4C JS 2H 6C Deck: 8D 3D QC AD JH Best hand: highest-card
Hand: 8C AH 9D KS QC Deck: 4C JC 3D TH KC Best hand: highest-card
Hand: 5C 9D TC 7S 4S Deck: 8S 3H QC KC AD Best hand: highest-card
Hand: 3H 6S 5S JH AC Deck: 9C 8D KC TH 2C Best hand: highest-card
Hand: 6H TS 7D 4H QC Deck: JD 9H 5C 2H 7S Best hand: highest-card
Hand: KH AH TH 4H 9S Deck: 2S 3C QH 7H 5H Best hand: highest-card
Hand: AS 8C JC KC 4S Deck: 7H 2C 5D QC 4D Best hand: highest-card
Hand: TD KD JC 3S 7D Deck: 6S QD 5C 4S 8H Best hand: highest-card
Hand: 8D QC KS 9D 2S Deck: TD 7H 4S AD 5S Best hand: highest-card
Hand: JH KD 9H 7H 6C Deck: 4C 8C AD QH JS Best hand: highest-card
Hand: 7C KD 3D 4H JH Deck: 6H AS 8S 5H JC Best hand: highest-card
Hand: TS 4D 3S AH 6H Deck: QH 5H 2D 8H 6C Best hand: highest-card
Hand: 4C 8S 5C JH QS Deck: 3H TD 2H AD 7C Best hand: highest-card
Hand: 5S 3S 8C 6H 7C Deck: QC KH JD 2S 9H Best hand: highest-card
Hand: 9S 3D 8C JC 5S Deck: 7H AH TH QD 6H Best hand: highest-card
Hand: 5C 4D QS 9S 7C Deck: 8C 3S 2D TD 9H Best hand: highest-card
Hand: 5C 4S KC QH 2H Deck: 3S JC 8H 6H 7H Best hand: highest-card
Hand: 8S 6D 7D 3D 2D Deck: AH 5S TS KS QH Best hand: highest-card
Hand: 3S 6S AC TC 2H Deck: QS KC 7H 4H JH Best hand: highest-card
Hand: 2C TH QC 3S 4D Deck: 5C 7D 9C AD QH Best hand: highest-card
Hand: 9S TC AC 3D 8H Deck: 5S QH JD 7S 4C Best hand: highest-card
Hand: AC 7H 2H TD QH Deck: 5H JC 8D 9C AH Best hand: highest-card
Hand: 7S 9S 4C QC 2H Deck: 5S AC 8H JH 7C Best hand: highest-card
